<component name="libraryTable">
  <library name="junit-5.1">
    <CLASSES>
      <root url="jar://$PROJECT_DIR$/deps/apiguardian-api-1.0.0.jar!/" />
      <root url="jar://$PROJECT_DIR$/deps/opentest4j-1.0.0.jar!/" />
      <root url="jar://$PROJECT_DIR$/deps/junit-jupiter-api-5.1.0.jar!/" />
      <root url="jar://$PROJECT_DIR$/deps/junit-jupiter-engine-5.1.0.jar!/" />
      <root url="jar://$PROJECT_DIR$/deps/junit-platform-commons-1.1.0.jar!/" />
      <root url="jar://$PROJECT_DIR$/deps/junit-platform-console-1.1.0.jar!/" />
      <root url="jar://$PROJECT_DIR$/deps/junit-platform-engine-1.1.0.jar!/" />
      <root url="jar://$PROJECT_DIR$/deps/junit-platform-launcher-1.1.0.jar!/" />
    </CLASSES>
    <JAVADOC />
    <SOURCES />
  </library>
</component>